{"/Users/bogdan.anton/trainingx/Account.js": {"path":"/Users/bogdan.anton/trainingx/Account.js","statementMap":{"0":{"start":{"line":3,"column":2},"end":{"line":3,"column":19}},"1":{"start":{"line":4,"column":2},"end":{"line":4,"column":18}},"2":{"start":{"line":5,"column":2},"end":{"line":5,"column":25}},"3":{"start":{"line":9,"column":2},"end":{"line":9,"column":25}},"4":{"start":{"line":13,"column":2},"end":{"line":13,"column":25}},"5":{"start":{"line":17,"column":2},"end":{"line":17,"column":79}},"6":{"start":{"line":21,"column":0},"end":{"line":21,"column":25}}},"fnMap":{"0":{"name":"(anonymous_0)","decl":{"start":{"line":2,"column":1},"end":{"line":2,"column":2}},"loc":{"start":{"line":2,"column":15},"end":{"line":6,"column":2}},"line":2},"1":{"name":"(anonymous_1)","decl":{"start":{"line":8,"column":1},"end":{"line":8,"column":2}},"loc":{"start":{"line":8,"column":17},"end":{"line":10,"column":2}},"line":8},"2":{"name":"(anonymous_2)","decl":{"start":{"line":12,"column":1},"end":{"line":12,"column":2}},"loc":{"start":{"line":12,"column":18},"end":{"line":14,"column":2}},"line":12},"3":{"name":"(anonymous_3)","decl":{"start":{"line":16,"column":1},"end":{"line":16,"column":2}},"loc":{"start":{"line":16,"column":18},"end":{"line":18,"column":2}},"line":16}},"branchMap":{},"s":{"0":1,"1":1,"2":1,"3":1,"4":1,"5":1,"6":1},"f":{"0":1,"1":1,"2":1,"3":1},"b":{},"_coverageSchema":"1a1c01bbd47fc00a2c39e90264f33305004495a9","hash":"c03b0ed605d3c31a5b0ed22939b965d74b3be264"}
,"/Users/bogdan.anton/trainingx/jestGettingStarted.js": {"path":"/Users/bogdan.anton/trainingx/jestGettingStarted.js","statementMap":{"0":{"start":{"line":2,"column":1},"end":{"line":2,"column":14}},"1":{"start":{"line":5,"column":0},"end":{"line":5,"column":21}}},"fnMap":{"0":{"name":"sum","decl":{"start":{"line":1,"column":9},"end":{"line":1,"column":12}},"loc":{"start":{"line":1,"column":19},"end":{"line":3,"column":1}},"line":1}},"branchMap":{},"s":{"0":1,"1":1},"f":{"0":1},"b":{},"_coverageSchema":"1a1c01bbd47fc00a2c39e90264f33305004495a9","hash":"1c777519d1b4200297a277c0d771925328a3a81e"}
}
