TN:
SF:Account.js
FN:2,(anonymous_0)
FN:9,(anonymous_1)
FN:13,(anonymous_2)
FN:17,(anonymous_3)
FN:21,(anonymous_4)
FN:27,(anonymous_5)
FNF:6
FNH:6
FNDA:2,(anonymous_0)
FNDA:1,(anonymous_1)
FNDA:2,(anonymous_2)
FNDA:1,(anonymous_3)
FNDA:1,(anonymous_4)
FNDA:1,(anonymous_5)
DA:3,2
DA:4,2
DA:5,2
DA:6,2
DA:10,1
DA:14,2
DA:18,1
DA:22,1
DA:28,1
DA:29,1
DA:30,1
DA:32,1
DA:33,1
DA:37,1
LF:14
LH:14
BRF:0
BRH:0
end_of_record
TN:
SF:jestGettingStarted.js
FN:1,sum
FNF:1
FNH:1
FNDA:1,sum
DA:2,1
DA:5,1
LF:2
LH:2
BRF:0
BRH:0
end_of_record
